<?xml version="1.0" encoding="UTF-8"?>
<!-- Generated by org.testng.reporters.JUnitXMLReporter -->
<testsuite hostname="Chinmaya-84-7B-EB-31-2E-9C" ignored="0" name="Test" tests="2" failures="0" timestamp="15 Dec 2017 06:32:55 GMT" time="13.44" errors="0">
  <testcase name="TestloginToApplicationWithValidCredentials_TC_01" time="11.381" classname="com.oms.tests.LoginPageTest"/>
  <testcase name="TestloginToApplicationWithInValidCredentials_TC_02" time="1.582" classname="com.oms.tests.LoginPageTest"/>
</testsuite> <!-- Test -->
