<?xml version="1.0" encoding="UTF-8"?>
<!-- Generated by org.testng.reporters.JUnitXMLReporter -->
<testsuite hostname="Chinmaya-84-7B-EB-31-2E-9C" ignored="0" name="Firefox Test" tests="2" failures="0" timestamp="15 Dec 2017 10:17:39 GMT" time="65.869" errors="0">
  <testcase name="TestloginToApplicationWithValidCredentials_TC_01" time="12.301" classname="com.oms.tests.LoginPageTest"/>
  <testcase name="TestloginToApplicationWithInValidCredentials_TC_02" time="1.538" classname="com.oms.tests.LoginPageTest"/>
</testsuite> <!-- Firefox Test -->
